<?xml version="1.0" encoding="UTF-8"?>
<!-- Generated by org.testng.reporters.JUnitReportReporter -->
<testsuite skipped="0" hostname="SSRIVASTAVLT2" name="testNG.OMS_CCLogin" tests="3" failures="0" timestamp="18 Nov 2019 19:23:01 GMT" time="34.740" errors="0">
  <testcase name="binvokebrowser" time="23.392" classname="testNG.OMS_CCLogin"/>
  <testcase name="dclosebrowswer" time="1.060" classname="testNG.OMS_CCLogin"/>
  <testcase name="c" time="10.288" classname="testNG.OMS_CCLogin"/>
</testsuite> <!-- testNG.OMS_CCLogin -->
