<?xml version="1.0" encoding="UTF-8"?>
<!-- Generated by org.testng.reporters.JUnitReportReporter -->
<testsuite skipped="0" hostname="SSRIVASTAVLT2" name="testNG.TestDependency" tests="2" failures="0" timestamp="18 Nov 2019 21:35:02 GMT" time="32.170" errors="0">
  <testcase name="openBrowser" time="21.746" classname="testNG.TestDependency"/>
  <testcase name="login" time="10.424" classname="testNG.TestDependency"/>
</testsuite> <!-- testNG.TestDependency -->
