<?xml version="1.0" encoding="UTF-8"?>
<!-- Generated by org.testng.reporters.JUnitReportReporter -->
<testsuite skipped="0" hostname="SSRIVASTAVLT2" name="testNG.CARS_Carryout" tests="1" failures="0" timestamp="19 Jul 2019 20:08:53 GMT" time="0.151" errors="0">
  <testcase name="runSikuli" time="0.151" classname="testNG.CARS_Carryout"/>
</testsuite> <!-- testNG.CARS_Carryout -->
