<?xml version="1.0" encoding="UTF-8"?>
<!-- Generated by org.testng.reporters.JUnitReportReporter -->
<testsuite skipped="0" hostname="SSRIVASTAVLT2" name="testNG.GridTest1" tests="1" failures="0" timestamp="01 Aug 2019 17:33:19 GMT" time="23.606" errors="0">
  <testcase name="openBrowser" time="23.606" classname="testNG.GridTest1"/>
</testsuite> <!-- testNG.GridTest1 -->
