<?xml version="1.0" encoding="UTF-8"?>
<!-- Generated by org.testng.reporters.JUnitReportReporter -->
<testsuite skipped="0" hostname="SSRIVASTAVLT2" name="testNG.TestAnnotations" tests="2" failures="0" timestamp="18 Nov 2019 21:35:02 GMT" time="0.009" errors="0">
  <testcase name="f2" time="0.002" classname="testNG.TestAnnotations"/>
  <testcase name="f1" time="0.007" classname="testNG.TestAnnotations"/>
</testsuite> <!-- testNG.TestAnnotations -->
