<?xml version="1.0" encoding="UTF-8"?>
<!-- Generated by org.testng.reporters.JUnitReportReporter -->
<testsuite skipped="0" hostname="SSRIVASTAVLT2" name="testNG.Sikuli_test_CARS" tests="1" failures="0" timestamp="18 Nov 2019 19:23:01 GMT" time="42.057" errors="0">
  <testcase name="runSikuli" time="42.057" classname="testNG.Sikuli_test_CARS"/>
</testsuite> <!-- testNG.Sikuli_test_CARS -->
