<?xml version="1.0" encoding="UTF-8"?>
<!-- Generated by org.testng.reporters.JUnitReportReporter -->
<testsuite skipped="0" hostname="SSRIVASTAVLT2" name="testNG.cars_debug" tests="1" failures="0" timestamp="15 Nov 2019 20:00:41 GMT" time="18.563" errors="0">
  <testcase name="runSikuli" time="18.563" classname="testNG.cars_debug"/>
</testsuite> <!-- testNG.cars_debug -->
