<?xml version="1.0" encoding="UTF-8"?>
<!-- Generated by org.testng.reporters.JUnitReportReporter -->
<testsuite skipped="0" hostname="SSRIVASTAVLT2" name="testNG.Personas" tests="2" failures="0" timestamp="16 Oct 2018 14:12:34 GMT" time="39.269" errors="0">
  <testcase name="Launch" time="11.994" classname="testNG.Personas"/>
  <testcase name="login" time="27.275" classname="testNG.Personas"/>
</testsuite> <!-- testNG.Personas -->
