<?xml version="1.0" encoding="UTF-8"?>
<!-- Generated by org.testng.reporters.JUnitReportReporter -->
<testsuite skipped="0" hostname="SSRIVASTAVLT2" name="testNG.TestAnnotations" tests="2" failures="0" timestamp="22 Jul 2019 20:02:49 GMT" time="0.013" errors="0">
  <testcase name="f1" time="0.010" classname="testNG.TestAnnotations"/>
  <testcase name="f2" time="0.003" classname="testNG.TestAnnotations"/>
</testsuite> <!-- testNG.TestAnnotations -->
