<?xml version="1.0" encoding="UTF-8"?>
<!-- Generated by org.testng.reporters.JUnitReportReporter -->
<testsuite skipped="0" hostname="SSRIVASTAVLT2" name="testNG.Dougtest" tests="1" failures="0" timestamp="20 May 2019 17:16:19 GMT" time="18.113" errors="0">
  <testcase name="sitelaunch" time="18.113" classname="testNG.Dougtest"/>
</testsuite> <!-- testNG.Dougtest -->
