<?xml version="1.0" encoding="UTF-8"?>
<!-- Generated by org.testng.reporters.JUnitReportReporter -->
<testsuite skipped="0" hostname="SSRIVASTAVLT2" name="testNG.cars_debug" tests="1" failures="0" timestamp="18 Jul 2019 22:02:17 GMT" time="13.532" errors="0">
  <testcase name="runSikuli" time="13.532" classname="testNG.cars_debug"/>
</testsuite> <!-- testNG.cars_debug -->
