<?xml version="1.0" encoding="UTF-8"?>
<!-- Generated by org.testng.reporters.JUnitReportReporter -->
<testsuite skipped="0" hostname="SSRIVASTAVLT2" name="testNG.Successfactors" tests="2" failures="0" timestamp="15 Oct 2018 20:28:14 GMT" time="49.370" errors="0">
  <testcase name="login" time="31.891" classname="testNG.Successfactors"/>
  <testcase name="Launch" time="17.479" classname="testNG.Successfactors"/>
</testsuite> <!-- testNG.Successfactors -->
