<?xml version="1.0" encoding="UTF-8"?>
<!-- Generated by org.testng.reporters.JUnitReportReporter -->
<testsuite skipped="0" hostname="SSRIVASTAVLT2" name="testNG.TipsTest" tests="3" failures="0" timestamp="11 Mar 2019 18:02:55 GMT" time="64.860" errors="1">
  <testcase name="binvokebrowser" time="12.732" classname="testNG.TipsTest"/>
  <testcase name="c" time="51.182" classname="testNG.TipsTest">
    <error type="java.lang.NullPointerException">
      <![CDATA[java.lang.NullPointerException
at jxl.read.biff.Record.<init>(Record.java:79)
at jxl.read.biff.File.next(File.java:181)
at jxl.read.biff.SheetReader.read(SheetReader.java:375)
at jxl.read.biff.SheetImpl.readSheet(SheetImpl.java:716)
at jxl.read.biff.SheetImpl.getCell(SheetImpl.java:353)
at testNG.TipsTest.c(TipsTest.java:53)
at sun.reflect.NativeMethodAccessorImpl.invoke0(Native Method)
at sun.reflect.NativeMethodAccessorImpl.invoke(Unknown Source)
at sun.reflect.DelegatingMethodAccessorImpl.invoke(Unknown Source)
at java.lang.reflect.Method.invoke(Unknown Source)
at org.testng.internal.MethodInvocationHelper.invokeMethod(MethodInvocationHelper.java:124)
at org.testng.internal.Invoker.invokeMethod(Invoker.java:580)
at org.testng.internal.Invoker.invokeTestMethod(Invoker.java:716)
at org.testng.internal.Invoker.invokeTestMethods(Invoker.java:988)
at org.testng.internal.TestMethodWorker.invokeTestMethods(TestMethodWorker.java:125)
at org.testng.internal.TestMethodWorker.run(TestMethodWorker.java:109)
at org.testng.TestRunner.privateRun(TestRunner.java:648)
at org.testng.TestRunner.run(TestRunner.java:505)
at org.testng.SuiteRunner.runTest(SuiteRunner.java:455)
at org.testng.SuiteRunner.runSequentially(SuiteRunner.java:450)
at org.testng.SuiteRunner.privateRun(SuiteRunner.java:415)
at org.testng.SuiteRunner.run(SuiteRunner.java:364)
at org.testng.SuiteRunnerWorker.runSuite(SuiteRunnerWorker.java:52)
at org.testng.SuiteRunnerWorker.run(SuiteRunnerWorker.java:84)
at org.testng.TestNG.runSuitesSequentially(TestNG.java:1208)
at org.testng.TestNG.runSuitesLocally(TestNG.java:1137)
at org.testng.TestNG.runSuites(TestNG.java:1049)
at org.testng.TestNG.run(TestNG.java:1017)
at org.testng.remote.AbstractRemoteTestNG.run(AbstractRemoteTestNG.java:114)
at org.testng.remote.RemoteTestNG.initAndRun(RemoteTestNG.java:251)
at org.testng.remote.RemoteTestNG.main(RemoteTestNG.java:77)
]]>
    </error>
  </testcase> <!-- c -->
  <testcase name="dclosebrowswer" time="0.946" classname="testNG.TipsTest"/>
</testsuite> <!-- testNG.TipsTest -->
