<?xml version="1.0" encoding="UTF-8"?>
<!-- Generated by org.testng.reporters.JUnitReportReporter -->
<testsuite skipped="0" hostname="SSRIVASTAVLT2" name="testNG.NewTest" tests="1" failures="0" timestamp="22 May 2019 19:43:45 GMT" time="0.075" errors="0">
  <testcase name="f" time="0.075" classname="testNG.NewTest"/>
</testsuite> <!-- testNG.NewTest -->
