<?xml version="1.0" encoding="UTF-8"?>
<!-- Generated by org.testng.reporters.JUnitReportReporter -->
<testsuite skipped="0" hostname="SSRIVASTAVLT2" name="testNG.OMS_CCLogin" tests="3" failures="0" timestamp="11 Mar 2019 20:30:06 GMT" time="27.846" errors="0">
  <testcase name="c" time="7.959" classname="testNG.OMS_CCLogin"/>
  <testcase name="dclosebrowswer" time="0.876" classname="testNG.OMS_CCLogin"/>
  <testcase name="binvokebrowser" time="19.011" classname="testNG.OMS_CCLogin"/>
</testsuite> <!-- testNG.OMS_CCLogin -->
