<?xml version="1.0" encoding="UTF-8"?>
<!-- Generated by org.testng.reporters.JUnitReportReporter -->
<testsuite skipped="0" hostname="SSRIVASTAVLT2" name="testNG.TestDependency" tests="2" failures="0" timestamp="22 Jul 2019 20:02:49 GMT" time="20.282" errors="0">
  <testcase name="login" time="3.659" classname="testNG.TestDependency"/>
  <testcase name="openBrowser" time="16.623" classname="testNG.TestDependency"/>
</testsuite> <!-- testNG.TestDependency -->
