<?xml version="1.0" encoding="UTF-8"?>
<!-- Generated by org.testng.reporters.JUnitReportReporter -->
<testsuite skipped="0" hostname="SSRIVASTAVLT2" name="testNG.GridTest2" tests="1" failures="0" timestamp="01 Aug 2019 17:30:58 GMT" time="16.746" errors="0">
  <testcase name="openBrowser" time="16.746" classname="testNG.GridTest2"/>
</testsuite> <!-- testNG.GridTest2 -->
