<?xml version="1.0" encoding="UTF-8"?>
<!-- Generated by org.testng.reporters.JUnitReportReporter -->
<testsuite skipped="0" hostname="SSRIVASTAVLT2" name="testNG.GridTest1" tests="1" failures="0" timestamp="18 Nov 2019 19:23:01 GMT" time="21.018" errors="0">
  <testcase name="openBrowser" time="21.018" classname="testNG.GridTest1"/>
</testsuite> <!-- testNG.GridTest1 -->
